<?xml version="1.0" encoding="UTF-8"?>
<testng-results total="2" passed="2" failed="0" skipped="0">
  <reporter-output>
  </reporter-output>
  <suite started-at="2023-08-26T17:40:39Z" name="Default suite" finished-at="2023-08-26T17:40:50Z" duration-ms="10349">
    <groups>
    </groups>
    <test started-at="2023-08-26T17:40:39Z" name="Default test" finished-at="2023-08-26T17:40:50Z" duration-ms="10349">
      <class name="Tests.FB">
        <test-method signature="enterUserNameAndPassword()[pri:0, instance:Tests.FB@74bf1791]" started-at="2023-08-26T23:10:39Z" name="enterUserNameAndPassword" finished-at="2023-08-26T23:10:43Z" duration-ms="3740" status="PASS">
          <reporter-output>
          </reporter-output>
        </test-method> <!-- enterUserNameAndPassword -->
        <test-method signature="fetchTitle()[pri:0, instance:Tests.FB@74bf1791]" started-at="2023-08-26T23:10:43Z" name="fetchTitle" finished-at="2023-08-26T23:10:50Z" duration-ms="6589" status="PASS">
          <reporter-output>
          </reporter-output>
        </test-method> <!-- fetchTitle -->
      </class> <!-- Tests.FB -->
    </test> <!-- Default test -->
  </suite> <!-- Default suite -->
</testng-results>
