<?xml version="1.0" encoding="UTF-8"?>
<testng-results total="1" passed="1" failed="0" skipped="0">
  <reporter-output>
  </reporter-output>
  <suite started-at="2023-07-30T05:43:36Z" name="Default suite" finished-at="2023-07-30T05:43:55Z" duration-ms="19074">
    <groups>
    </groups>
    <test started-at="2023-07-30T05:43:36Z" name="Default test" finished-at="2023-07-30T05:43:55Z" duration-ms="19074">
      <class name="GettingStartedWithTestNG.LearnFileUpload">
        <test-method signature="handleAlert()[pri:0, instance:GettingStartedWithTestNG.LearnFileUpload@4ff8d125]" started-at="2023-07-30T11:13:36Z" name="handleAlert" finished-at="2023-07-30T11:13:55Z" duration-ms="19047" status="PASS">
          <reporter-output>
          </reporter-output>
        </test-method> <!-- handleAlert -->
      </class> <!-- GettingStartedWithTestNG.LearnFileUpload -->
    </test> <!-- Default test -->
  </suite> <!-- Default suite -->
</testng-results>
